<?xml version="1.0" encoding="UTF-8"?>
<!-- Generated by org.testng.reporters.JUnitXMLReporter -->
<testsuite ignored="0" hostname="shitbox" failures="0" tests="5" name="Surefire test" time="79.085" errors="0" timestamp="2026-05-22T15:52:21 PDT">
  <testcase classname="tests.PIMTest" name="testAgregarEmpleado" time="14.446"/>
  <testcase classname="tests.PIMTest" name="testBuscarEmpleadoExistente" time="6.286"/>
  <testcase classname="tests.PIMTest" name="testBuscarEmpleadoInexistente" time="4.04"/>
  <testcase classname="tests.PIMTest" name="testEditarEmpleado" time="11.066"/>
  <testcase classname="tests.PIMTest" name="testEliminarEmpleado" time="4.063"/>
</testsuite> <!-- Surefire test -->
