<?xml version="1.0" encoding="UTF-8"?>
<!-- Generated by org.testng.reporters.JUnitReportReporter -->
<testsuite hostname="shitbox" failures="0" tests="5" name="tests.PIMTest" time="79.028" errors="0" timestamp="2026-05-22T15:52:21 PDT" skipped="0">
  <testcase classname="tests.PIMTest" name="testBuscarEmpleadoExistente" time="12.742"/>
  <testcase classname="tests.PIMTest" name="testEditarEmpleado" time="17.396"/>
  <testcase classname="tests.PIMTest" name="testAgregarEmpleado" time="22.166"/>
  <testcase classname="tests.PIMTest" name="testEliminarEmpleado" time="13.908"/>
  <testcase classname="tests.PIMTest" name="testBuscarEmpleadoInexistente" time="12.816"/>
</testsuite> <!-- tests.PIMTest -->
